<?xml version="1.0" encoding="UTF-8"?>
<testsuite name="infrrd.p2b.extractor.test.ChequeExtractorTest" tests="1" skipped="0" failures="0" errors="0" timestamp="2018-09-26T08:48:08" hostname="INFLAP073" time="0.029">
  <properties/>
  <testcase name="testExtractDefault" classname="infrrd.p2b.extractor.test.ChequeExtractorTest" time="0.029"/>
  <system-out><![CDATA[14:18:08.377 [Test worker] INFO infrrd.p2b.extractor.AmountExtractor - Amount Value Found  --> OCR text $143.36
14:18:08.382 [Test worker] INFO infrrd.p2b.extractor.ChequeNumberExtractor - Cheque Number Found  --> OCR text 0000995638
14:18:08.386 [Test worker] INFO infrrd.p2b.extractor.PayorPayeeExtractor - Payor Found  -->  Absolute Security Systems Inc
14:18:08.390 [Test worker] INFO infrrd.p2b.extractor.PayorPayeeExtractor - Payee Found  -->  2d Electronics
14:18:08.392 [Test worker] INFO infrrd.p2b.extractor.DateExtractor - Date Value Found  --> september 14, 2017
14:18:08.393 [Test worker] INFO infrrd.p2b.extractor.test.ChequeExtractorTest - Amount Found  -->  $143.36
14:18:08.393 [Test worker] INFO infrrd.p2b.extractor.test.ChequeExtractorTest - Cheque Number Found  -->  0000995638
14:18:08.393 [Test worker] INFO infrrd.p2b.extractor.test.ChequeExtractorTest - Payor Found  --> Absolute Security Systems Inc
14:18:08.393 [Test worker] INFO infrrd.p2b.extractor.test.ChequeExtractorTest - Payee Found  --> 2d Electronics
14:18:08.393 [Test worker] INFO infrrd.p2b.extractor.test.ChequeExtractorTest - Bill Date Found  --> september 14, 2017
]]></system-out>
  <system-err><![CDATA[]]></system-err>
</testsuite>
